<?xml version="1.0" encoding="UTF-8"?>
<TestRun id="bbd51cef-8b66-42af-bf57-e58acaf5c5ef" name="Kosta@HOME-PC 2011-11-19 15:50:53" runUser="Home-PC\Kosta" xmlns="http://microsoft.com/schemas/VisualStudio/TeamTest/2010">
  <TestSettings name="Local" id="6b4d2539-3977-40f1-a3a3-101031a57b69">
    <Description>These are default test settings for a local test run.</Description>
    <Deployment enabled="false" runDeploymentRoot="Kosta_HOME-PC 2011-11-19 15_50_53">
      <DeploymentItem filename="C:\Users\Kosta\documents\visual studio 2010\Projects\SportsStore\SportsStore.Web\bin\SportsStore.Web.dll" />
      <DeploymentItem filename="C:\Users\Kosta\documents\visual studio 2010\Projects\SportsStore\packages\Ninject.2.2.1.4\lib\net40-Full\Ninject.dll" />
      <DeploymentItem filename="C:\Users\Kosta\documents\visual studio 2010\Projects\SportsStore\packages\EntityFramework.4.2.0.0\lib\net40\EntityFramework.dll" />
      <DeploymentItem filename="C:\Users\Kosta\documents\visual studio 2010\Projects\SportsStore\SportsStore.Domain\bin\Debug\SportsStore.Domain.dll" />
      <DeploymentItem filename="C:\Users\Kosta\documents\visual studio 2010\Projects\SportsStore\packages\Moq.4.0.10827\lib\NET40\Moq.dll" />
    </Deployment>
    <Execution>
      <TestTypeSpecific />
      <AgentRule name="Execution Agents">
      </AgentRule>
    </Execution>
  </TestSettings>
  <Times creation="2011-11-19T15:50:53.5404686+02:00" queuing="2011-11-19T15:50:53.6464747+02:00" start="2011-11-19T15:50:53.7634814+02:00" finish="2011-11-19T15:50:55.2335655+02:00" />
  <ResultSummary outcome="Completed">
    <Counters total="3" executed="3" passed="3" error="0" failed="0" timeout="0" aborted="0" inconclusive="0" passedButRunAborted="0" notRunnable="0" notExecuted="0" disconnected="0" warning="0" completed="0" inProgress="0" pending="0" />
  </ResultSummary>
  <TestDefinitions>
    <UnitTest name="PageLinksTest" storage="c:\users\kosta\documents\visual studio 2010\projects\sportsstore\testproject\bin\debug\testproject.dll" id="53f91f96-8ba4-99c7-4d00-29637dc00037">
      <Execution id="f4bef848-8eb6-41da-889f-720a5882d491" />
      <TestMethod codeBase="C:/Users/Kosta/documents/visual studio 2010/Projects/SportsStore/TestProject/bin/Debug/TestProject.DLL" adapterTypeName="Microsoft.VisualStudio.TestTools.TestTypes.Unit.UnitTestAdapter, Microsoft.VisualStudio.QualityTools.Tips.UnitTest.Adapter, Version=10.0.0.0, Culture=neutral, PublicKeyToken=b03f5f7f11d50a3a" className="TestProject.PagingHelpersTest, TestProject, Version=1.0.0.0, Culture=neutral, PublicKeyToken=null" name="PageLinksTest" />
    </UnitTest>
    <UnitTest name="Can_Send_Pagination_View_Model" storage="c:\users\kosta\documents\visual studio 2010\projects\sportsstore\testproject\bin\debug\testproject.dll" id="2fa75a5b-7ffd-54e8-ff9a-f61a52ca14ed">
      <Execution id="e063a48f-6a56-49dc-b246-b70d829457f6" />
      <TestMethod codeBase="C:/Users/Kosta/documents/visual studio 2010/Projects/SportsStore/TestProject/bin/Debug/TestProject.DLL" adapterTypeName="Microsoft.VisualStudio.TestTools.TestTypes.Unit.UnitTestAdapter, Microsoft.VisualStudio.QualityTools.Tips.UnitTest.Adapter, Version=10.0.0.0, Culture=neutral, PublicKeyToken=b03f5f7f11d50a3a" className="TestProject.ProductControllerTest, TestProject, Version=1.0.0.0, Culture=neutral, PublicKeyToken=null" name="Can_Send_Pagination_View_Model" />
    </UnitTest>
    <UnitTest name="Can_Paginate" storage="c:\users\kosta\documents\visual studio 2010\projects\sportsstore\testproject\bin\debug\testproject.dll" id="44d22dc1-35a6-1149-009f-87571ff575a9">
      <Execution id="13519530-f3c4-4b0f-98d7-21d96b2f70cf" />
      <TestMethod codeBase="C:/Users/Kosta/documents/visual studio 2010/Projects/SportsStore/TestProject/bin/Debug/TestProject.DLL" adapterTypeName="Microsoft.VisualStudio.TestTools.TestTypes.Unit.UnitTestAdapter, Microsoft.VisualStudio.QualityTools.Tips.UnitTest.Adapter, Version=10.0.0.0, Culture=neutral, PublicKeyToken=b03f5f7f11d50a3a" className="TestProject.ProductControllerTest, TestProject, Version=1.0.0.0, Culture=neutral, PublicKeyToken=null" name="Can_Paginate" />
    </UnitTest>
  </TestDefinitions>
  <TestLists>
    <TestList name="Results Not in a List" id="8c84fa94-04c1-424b-9868-57a2d4851a1d" />
    <TestList name="All Loaded Results" id="19431567-8539-422a-85d7-44ee4e166bda" />
  </TestLists>
  <TestEntries>
    <TestEntry testId="2fa75a5b-7ffd-54e8-ff9a-f61a52ca14ed" executionId="e063a48f-6a56-49dc-b246-b70d829457f6" testListId="8c84fa94-04c1-424b-9868-57a2d4851a1d" />
    <TestEntry testId="44d22dc1-35a6-1149-009f-87571ff575a9" executionId="13519530-f3c4-4b0f-98d7-21d96b2f70cf" testListId="8c84fa94-04c1-424b-9868-57a2d4851a1d" />
    <TestEntry testId="53f91f96-8ba4-99c7-4d00-29637dc00037" executionId="f4bef848-8eb6-41da-889f-720a5882d491" testListId="8c84fa94-04c1-424b-9868-57a2d4851a1d" />
  </TestEntries>
  <Results>
    <UnitTestResult executionId="e063a48f-6a56-49dc-b246-b70d829457f6" testId="2fa75a5b-7ffd-54e8-ff9a-f61a52ca14ed" testName="Can_Send_Pagination_View_Model" computerName="HOME-PC" duration="00:00:00.5417278" startTime="2011-11-19T15:50:53.8764879+02:00" endTime="2011-11-19T15:50:54.9805510+02:00" testType="13cdc9d9-ddb5-4fa4-a97d-d965ccfc6d4b" outcome="Passed" testListId="8c84fa94-04c1-424b-9868-57a2d4851a1d" relativeResultsDirectory="e063a48f-6a56-49dc-b246-b70d829457f6">
    </UnitTestResult>
    <UnitTestResult executionId="13519530-f3c4-4b0f-98d7-21d96b2f70cf" testId="44d22dc1-35a6-1149-009f-87571ff575a9" testName="Can_Paginate" computerName="HOME-PC" duration="00:00:00.0147033" startTime="2011-11-19T15:50:54.9925517+02:00" endTime="2011-11-19T15:50:55.0275537+02:00" testType="13cdc9d9-ddb5-4fa4-a97d-d965ccfc6d4b" outcome="Passed" testListId="8c84fa94-04c1-424b-9868-57a2d4851a1d" relativeResultsDirectory="13519530-f3c4-4b0f-98d7-21d96b2f70cf">
    </UnitTestResult>
    <UnitTestResult executionId="f4bef848-8eb6-41da-889f-720a5882d491" testId="53f91f96-8ba4-99c7-4d00-29637dc00037" testName="PageLinksTest" computerName="HOME-PC" duration="00:00:00.0050655" startTime="2011-11-19T15:50:55.0325540+02:00" endTime="2011-11-19T15:50:55.0605556+02:00" testType="13cdc9d9-ddb5-4fa4-a97d-d965ccfc6d4b" outcome="Passed" testListId="8c84fa94-04c1-424b-9868-57a2d4851a1d" relativeResultsDirectory="f4bef848-8eb6-41da-889f-720a5882d491">
    </UnitTestResult>
  </Results>
</TestRun>