<?xml version="1.0" encoding="UTF-8"?>
<TestRun id="3b4ab40b-cef6-4f74-a4b2-ae77b8e0f604" name="Kosta@HOME-PC 2011-11-23 11:27:42" runUser="Home-PC\Kosta" xmlns="http://microsoft.com/schemas/VisualStudio/TeamTest/2010">
  <TestSettings name="Local" id="6b4d2539-3977-40f1-a3a3-101031a57b69">
    <Description>These are default test settings for a local test run.</Description>
    <Deployment enabled="false" runDeploymentRoot="Kosta_HOME-PC 2011-11-23 11_27_42">
      <DeploymentItem filename="C:\Users\Kosta\documents\visual studio 2010\Projects\SportsStore\SportsStore.Web\bin\SportsStore.Web.dll" />
      <DeploymentItem filename="C:\Users\Kosta\documents\visual studio 2010\Projects\SportsStore\SportsStore.Domain\bin\Debug\SportsStore.Domain.dll" />
      <DeploymentItem filename="C:\Users\Kosta\documents\visual studio 2010\Projects\SportsStore\packages\EntityFramework.4.2.0.0\lib\net40\EntityFramework.dll" />
      <DeploymentItem filename="C:\Users\Kosta\documents\visual studio 2010\Projects\SportsStore\packages\Ninject.2.2.1.4\lib\net40-Full\Ninject.dll" />
      <DeploymentItem filename="C:\Users\Kosta\documents\visual studio 2010\Projects\SportsStore\packages\Moq.4.0.10827\lib\NET40\Moq.dll" />
    </Deployment>
    <Execution>
      <TestTypeSpecific />
      <AgentRule name="Execution Agents">
      </AgentRule>
    </Execution>
  </TestSettings>
  <Times creation="2011-11-23T11:27:42.3921170+02:00" queuing="2011-11-23T11:27:42.4711215+02:00" start="2011-11-23T11:27:42.5001232+02:00" finish="2011-11-23T11:27:43.3481717+02:00" />
  <ResultSummary outcome="Completed">
    <Counters total="1" executed="1" passed="1" error="0" failed="0" timeout="0" aborted="0" inconclusive="0" passedButRunAborted="0" notRunnable="0" notExecuted="0" disconnected="0" warning="0" completed="0" inProgress="0" pending="0" />
  </ResultSummary>
  <TestDefinitions>
    <UnitTest name="Can_Send_Pagination_View_Model" storage="c:\users\kosta\documents\visual studio 2010\projects\sportsstore\testproject\bin\debug\testproject.dll" id="2fa75a5b-7ffd-54e8-ff9a-f61a52ca14ed">
      <Execution id="fd1974a0-e3d6-4eab-aac7-f3a480074f99" />
      <TestMethod codeBase="C:/Users/Kosta/documents/visual studio 2010/Projects/SportsStore/TestProject/bin/Debug/TestProject.DLL" adapterTypeName="Microsoft.VisualStudio.TestTools.TestTypes.Unit.UnitTestAdapter, Microsoft.VisualStudio.QualityTools.Tips.UnitTest.Adapter, Version=10.0.0.0, Culture=neutral, PublicKeyToken=b03f5f7f11d50a3a" className="TestProject.ProductControllerTest, TestProject, Version=1.0.0.0, Culture=neutral, PublicKeyToken=null" name="Can_Send_Pagination_View_Model" />
    </UnitTest>
  </TestDefinitions>
  <TestLists>
    <TestList name="Results Not in a List" id="8c84fa94-04c1-424b-9868-57a2d4851a1d" />
    <TestList name="All Loaded Results" id="19431567-8539-422a-85d7-44ee4e166bda" />
  </TestLists>
  <TestEntries>
    <TestEntry testId="2fa75a5b-7ffd-54e8-ff9a-f61a52ca14ed" executionId="fd1974a0-e3d6-4eab-aac7-f3a480074f99" testListId="8c84fa94-04c1-424b-9868-57a2d4851a1d" />
  </TestEntries>
  <Results>
    <UnitTestResult executionId="fd1974a0-e3d6-4eab-aac7-f3a480074f99" testId="2fa75a5b-7ffd-54e8-ff9a-f61a52ca14ed" testName="Can_Send_Pagination_View_Model" computerName="HOME-PC" duration="00:00:00.4157230" startTime="2011-11-23T11:27:42.5201243+02:00" endTime="2011-11-23T11:27:43.3001689+02:00" testType="13cdc9d9-ddb5-4fa4-a97d-d965ccfc6d4b" outcome="Passed" testListId="8c84fa94-04c1-424b-9868-57a2d4851a1d" relativeResultsDirectory="fd1974a0-e3d6-4eab-aac7-f3a480074f99">
    </UnitTestResult>
  </Results>
</TestRun>