<?xml version="1.0" encoding="UTF-8"?>
<TestRun id="a868f0f2-df8c-4509-82df-5f44e21bcf36" name="Kosta@HOME-PC 2011-11-19 15:50:44" runUser="Home-PC\Kosta" xmlns="http://microsoft.com/schemas/VisualStudio/TeamTest/2010">
  <TestSettings name="Local" id="6b4d2539-3977-40f1-a3a3-101031a57b69">
    <Description>These are default test settings for a local test run.</Description>
    <Deployment enabled="false" runDeploymentRoot="Kosta_HOME-PC 2011-11-19 15_50_44">
      <DeploymentItem filename="C:\Users\Kosta\documents\visual studio 2010\Projects\SportsStore\SportsStore.Web\bin\SportsStore.Web.dll" />
      <DeploymentItem filename="C:\Users\Kosta\documents\visual studio 2010\Projects\SportsStore\packages\Ninject.2.2.1.4\lib\net40-Full\Ninject.dll" />
      <DeploymentItem filename="C:\Users\Kosta\documents\visual studio 2010\Projects\SportsStore\packages\EntityFramework.4.2.0.0\lib\net40\EntityFramework.dll" />
      <DeploymentItem filename="C:\Users\Kosta\documents\visual studio 2010\Projects\SportsStore\SportsStore.Domain\bin\Debug\SportsStore.Domain.dll" />
      <DeploymentItem filename="C:\Users\Kosta\documents\visual studio 2010\Projects\SportsStore\packages\Moq.4.0.10827\lib\NET40\Moq.dll" />
    </Deployment>
    <Execution>
      <TestTypeSpecific />
      <AgentRule name="Execution Agents">
      </AgentRule>
    </Execution>
  </TestSettings>
  <Times creation="2011-11-19T15:50:44.8019688+02:00" queuing="2011-11-19T15:50:44.9069748+02:00" start="2011-11-19T15:50:44.9409768+02:00" finish="2011-11-19T15:50:46.3700585+02:00" />
  <ResultSummary outcome="Completed">
    <Counters total="1" executed="1" passed="1" error="0" failed="0" timeout="0" aborted="0" inconclusive="0" passedButRunAborted="0" notRunnable="0" notExecuted="0" disconnected="0" warning="0" completed="0" inProgress="0" pending="0" />
  </ResultSummary>
  <TestDefinitions>
    <UnitTest name="PageLinksTest" storage="c:\users\kosta\documents\visual studio 2010\projects\sportsstore\testproject\bin\debug\testproject.dll" id="53f91f96-8ba4-99c7-4d00-29637dc00037">
      <Execution id="ad4b17a6-3b5d-4b62-86ca-21b83893184a" />
      <TestMethod codeBase="C:/Users/Kosta/documents/visual studio 2010/Projects/SportsStore/TestProject/bin/Debug/TestProject.DLL" adapterTypeName="Microsoft.VisualStudio.TestTools.TestTypes.Unit.UnitTestAdapter, Microsoft.VisualStudio.QualityTools.Tips.UnitTest.Adapter, Version=10.0.0.0, Culture=neutral, PublicKeyToken=b03f5f7f11d50a3a" className="TestProject.PagingHelpersTest, TestProject, Version=1.0.0.0, Culture=neutral, PublicKeyToken=null" name="PageLinksTest" />
    </UnitTest>
  </TestDefinitions>
  <TestLists>
    <TestList name="Results Not in a List" id="8c84fa94-04c1-424b-9868-57a2d4851a1d" />
    <TestList name="All Loaded Results" id="19431567-8539-422a-85d7-44ee4e166bda" />
  </TestLists>
  <TestEntries>
    <TestEntry testId="53f91f96-8ba4-99c7-4d00-29637dc00037" executionId="ad4b17a6-3b5d-4b62-86ca-21b83893184a" testListId="8c84fa94-04c1-424b-9868-57a2d4851a1d" />
  </TestEntries>
  <Results>
    <UnitTestResult executionId="ad4b17a6-3b5d-4b62-86ca-21b83893184a" testId="53f91f96-8ba4-99c7-4d00-29637dc00037" testName="PageLinksTest" computerName="HOME-PC" duration="00:00:00.0660039" startTime="2011-11-19T15:50:45.1179869+02:00" endTime="2011-11-19T15:50:45.8400282+02:00" testType="13cdc9d9-ddb5-4fa4-a97d-d965ccfc6d4b" outcome="Passed" testListId="8c84fa94-04c1-424b-9868-57a2d4851a1d" relativeResultsDirectory="ad4b17a6-3b5d-4b62-86ca-21b83893184a">
    </UnitTestResult>
  </Results>
</TestRun>