<?xml version="1.0" encoding="UTF-8"?>
<TestRun id="5893cd71-b894-4e17-a8ae-93aef9f87b3b" name="Kosta@HOME-PC 2011-11-23 10:24:25" runUser="Home-PC\Kosta" xmlns="http://microsoft.com/schemas/VisualStudio/TeamTest/2010">
  <TestSettings name="Local" id="6b4d2539-3977-40f1-a3a3-101031a57b69">
    <Description>These are default test settings for a local test run.</Description>
    <Deployment enabled="false" runDeploymentRoot="Kosta_HOME-PC 2011-11-23 10_24_25">
      <DeploymentItem filename="C:\Users\Kosta\documents\visual studio 2010\Projects\SportsStore\SportsStore.Web\bin\SportsStore.Web.dll" />
      <DeploymentItem filename="C:\Users\Kosta\documents\visual studio 2010\Projects\SportsStore\SportsStore.Domain\bin\Debug\SportsStore.Domain.dll" />
      <DeploymentItem filename="C:\Users\Kosta\documents\visual studio 2010\Projects\SportsStore\packages\EntityFramework.4.2.0.0\lib\net40\EntityFramework.dll" />
      <DeploymentItem filename="C:\Users\Kosta\documents\visual studio 2010\Projects\SportsStore\packages\Ninject.2.2.1.4\lib\net40-Full\Ninject.dll" />
      <DeploymentItem filename="C:\Users\Kosta\documents\visual studio 2010\Projects\SportsStore\packages\Moq.4.0.10827\lib\NET40\Moq.dll" />
    </Deployment>
    <Execution>
      <TestTypeSpecific />
      <AgentRule name="Execution Agents">
      </AgentRule>
    </Execution>
  </TestSettings>
  <Times creation="2011-11-23T10:24:25.6279545+02:00" queuing="2011-11-23T10:24:27.8910839+02:00" start="2011-11-23T10:24:28.0090907+02:00" finish="2011-11-23T10:24:29.9191999+02:00" />
  <ResultSummary outcome="Completed">
    <Counters total="1" executed="1" passed="1" error="0" failed="0" timeout="0" aborted="0" inconclusive="0" passedButRunAborted="0" notRunnable="0" notExecuted="0" disconnected="0" warning="0" completed="0" inProgress="0" pending="0" />
  </ResultSummary>
  <TestDefinitions>
    <UnitTest name="Cannot_Checkout_Empty_Cart" storage="c:\users\kosta\documents\visual studio 2010\projects\sportsstore\testproject\bin\debug\testproject.dll" id="47a6082a-bf53-2684-769d-2b5a577817aa">
      <Execution id="5623ba3d-edcf-4963-ac81-0f55f2dd93df" />
      <TestMethod codeBase="C:/Users/Kosta/documents/visual studio 2010/Projects/SportsStore/TestProject/bin/Debug/TestProject.DLL" adapterTypeName="Microsoft.VisualStudio.TestTools.TestTypes.Unit.UnitTestAdapter, Microsoft.VisualStudio.QualityTools.Tips.UnitTest.Adapter, Version=10.0.0.0, Culture=neutral, PublicKeyToken=b03f5f7f11d50a3a" className="TestProject.CartControllerTest, TestProject, Version=1.0.0.0, Culture=neutral, PublicKeyToken=null" name="Cannot_Checkout_Empty_Cart" />
    </UnitTest>
  </TestDefinitions>
  <TestLists>
    <TestList name="Results Not in a List" id="8c84fa94-04c1-424b-9868-57a2d4851a1d" />
    <TestList name="All Loaded Results" id="19431567-8539-422a-85d7-44ee4e166bda" />
  </TestLists>
  <TestEntries>
    <TestEntry testId="47a6082a-bf53-2684-769d-2b5a577817aa" executionId="5623ba3d-edcf-4963-ac81-0f55f2dd93df" testListId="8c84fa94-04c1-424b-9868-57a2d4851a1d" />
  </TestEntries>
  <Results>
    <UnitTestResult executionId="5623ba3d-edcf-4963-ac81-0f55f2dd93df" testId="47a6082a-bf53-2684-769d-2b5a577817aa" testName="Cannot_Checkout_Empty_Cart" computerName="HOME-PC" duration="00:00:01.0204540" startTime="2011-11-23T10:24:28.1290976+02:00" endTime="2011-11-23T10:24:29.8511961+02:00" testType="13cdc9d9-ddb5-4fa4-a97d-d965ccfc6d4b" outcome="Passed" testListId="8c84fa94-04c1-424b-9868-57a2d4851a1d" relativeResultsDirectory="5623ba3d-edcf-4963-ac81-0f55f2dd93df">
    </UnitTestResult>
  </Results>
</TestRun>